{
  "0 debug pnpm:scope": {
    "selected": 1
  },
  "1 error pnpm": {
    "errno": 1,
    "code": "ELIFECYCLE",
    "pkgid": "elm-pages-app@",
    "stage": "build",
    "script": "elm-pages build",
    "pkgname": "elm-pages-app",
    "err": {
      "name": "pnpm",
      "message": "elm-pages-app@ build: `elm-pages build`\nExit status 1",
      "code": "ELIFECYCLE",
      "stack": "pnpm: elm-pages-app@ build: `elm-pages build`\nExit status 1\n    at EventEmitter.<anonymous> (C:\\Users\\Farooq Khan\\AppData\\Roaming\\npm\\node_modules\\pnpm\\dist\\pnpm.cjs:105724:20)\n    at EventEmitter.emit (events.js:315:20)\n    at ChildProcess.<anonymous> (C:\\Users\\Farooq Khan\\AppData\\Roaming\\npm\\node_modules\\pnpm\\dist\\pnpm.cjs:92285:18)\n    at ChildProcess.emit (events.js:315:20)\n    at maybeClose (internal/child_process.js:1048:16)\n    at Process.ChildProcess._handle.onexit (internal/child_process.js:288:5)"
    }
  },
  "2 warn pnpm:global": " Local package.json exists, but node_modules missing, did you mean to install?"
}